#-----------------------------------------------------------
# Vivado v2017.4 (64-bit)
# SW Build 2086221 on Fri Dec 15 20:55:39 MST 2017
# IP Build 2085800 on Fri Dec 15 22:25:07 MST 2017
# Start of session at: Tue Oct  2 22:14:48 2018
# Process ID: 10996
# Current directory: C:/Users/Lorenzo/Desktop/project_1
# Command line: vivado.exe -gui_launcher_event rodinguilauncherevent11024 C:\Users\Lorenzo\Desktop\project_1\10524642.xpr
# Log file: C:/Users/Lorenzo/Desktop/project_1/vivado.log
# Journal file: C:/Users/Lorenzo/Desktop/project_1\vivado.jou
#-----------------------------------------------------------
start_gui
open_project C:/Users/Lorenzo/Desktop/project_1/10524642.xpr
CRITICAL WARNING: [Project 1-19] Could not find the file 'C:/Users/Lorenzo/Desktop/project_1/10524642.srcs/sources_1/new/10524642.vhd'.
Scanning sources...
Finished scanning sources
WARNING: [filemgmt 56-3] IPUserFilesDir: Could not find the directory 'C:/Users/Lorenzo/Desktop/project_1/10524642.ip_user_files'.
INFO: [IP_Flow 19-234] Refreshing IP repositories
INFO: [IP_Flow 19-1704] No user IP repositories specified
INFO: [IP_Flow 19-2313] Loaded Vivado IP repository 'C:/Xilinx/Vivado/2017.4/data/ip'.
open_project: Time (s): cpu = 00:00:09 ; elapsed = 00:00:05 . Memory (MB): peak = 728.660 ; gain = 33.363
update_compile_order -fileset sources_1
exit
INFO: [Common 17-206] Exiting Vivado at Tue Oct  2 22:16:46 2018...
